{
  "0 debug pnpm:scope": {
    "selected": 1
  },
  "1 error pnpm": {
    "code": "ELIFECYCLE",
    "errno": "ENOENT",
    "syscall": "spawn",
    "file": "sh",
    "pkgid": "westrom.xyz@",
    "stage": "dev",
    "script": "svelte-kit dev",
    "pkgname": "westrom.xyz",
    "err": {
      "name": "pnpm",
      "message": "westrom.xyz@ dev: `svelte-kit dev`\nspawn ENOENT",
      "code": "ELIFECYCLE",
      "stack": "pnpm: westrom.xyz@ dev: `svelte-kit dev`\nspawn ENOENT\n    at ChildProcess.<anonymous> (/home/main/.local/share/nvm/versions/node/v17.9.0/lib/node_modules/pnpm/dist/pnpm.cjs:92348:22)\n    at ChildProcess.emit (node:events:527:28)\n    at maybeClose (node:internal/child_process:1090:16)\n    at Process.ChildProcess._handle.onexit (node:internal/child_process:302:5)"
    }
  },
  "2 warn pnpm:global": " Local package.json exists, but node_modules missing, did you mean to install?"
}